2022-06-22 16:31:42,538 - Initializing Velocity, Calling init()...
2022-06-22 16:31:42,538 - Starting Apache Velocity v1.7 (compiled: 2010-11-19 12:14:37)
2022-06-22 16:31:42,538 - Default Properties File: org\apache\velocity\runtime\defaults\velocity.properties
2022-06-22 16:31:42,539 - Trying to use logger class org.apache.velocity.runtime.log.AvalonLogChute
2022-06-22 16:31:42,539 - Target log system for org.apache.velocity.runtime.log.AvalonLogChute is not available (java.lang.NoClassDefFoundError: org/apache/log/format/Formatter).  Falling back to next log system...
2022-06-22 16:31:42,539 - Trying to use logger class org.apache.velocity.runtime.log.Log4JLogChute
2022-06-22 16:31:42,539 - Using logger class org.apache.velocity.runtime.log.Log4JLogChute
2022-06-22 16:31:42,543 - ResourceLoader instantiated: org.apache.velocity.runtime.resource.loader.ClasspathResourceLoader
2022-06-22 16:31:42,549 - ResourceCache: initialized (class org.apache.velocity.runtime.resource.ResourceCacheImpl) with class java.util.Collections$SynchronizedMap cache map.
2022-06-22 16:31:42,550 - Loaded System Directive: org.apache.velocity.runtime.directive.Stop
2022-06-22 16:31:42,551 - Loaded System Directive: org.apache.velocity.runtime.directive.Define
2022-06-22 16:31:42,552 - Loaded System Directive: org.apache.velocity.runtime.directive.Break
2022-06-22 16:31:42,552 - Loaded System Directive: org.apache.velocity.runtime.directive.Evaluate
2022-06-22 16:31:42,553 - Loaded System Directive: org.apache.velocity.runtime.directive.Literal
2022-06-22 16:31:42,553 - Loaded System Directive: org.apache.velocity.runtime.directive.Macro
2022-06-22 16:31:42,554 - Loaded System Directive: org.apache.velocity.runtime.directive.Parse
2022-06-22 16:31:42,555 - Loaded System Directive: org.apache.velocity.runtime.directive.Include
2022-06-22 16:31:42,555 - Loaded System Directive: org.apache.velocity.runtime.directive.Foreach
2022-06-22 16:31:42,579 - Created '20' parsers.
2022-06-22 16:31:42,586 - Velocimacro : "velocimacro.library" is not set.  Trying default library: VM_global_library.vm
2022-06-22 16:31:42,586 - Could not load resource 'VM_global_library.vm' from ResourceLoader org.apache.velocity.runtime.resource.loader.ClasspathResourceLoader: ClasspathResourceLoader Error: cannot find resource VM_global_library.vm
2022-06-22 16:31:42,586 - Velocimacro : Default library not found.
2022-06-22 16:31:42,586 - Velocimacro : allowInline = true : VMs can be defined inline in templates
2022-06-22 16:31:42,586 - Velocimacro : allowInlineToOverride = false : VMs defined inline may NOT replace previous VM definitions
2022-06-22 16:31:42,586 - Velocimacro : allowInlineLocal = false : VMs defined inline will be global in scope if allowed.
2022-06-22 16:31:42,586 - Velocimacro : autoload off : VM system will not automatically reload global library macros
2022-06-22 16:31:42,656 - ResourceManager : found templates/generators/errorpage.vm with loader org.apache.velocity.runtime.resource.loader.ClasspathResourceLoader
2022-06-22 16:31:42,663 - ResourceManager : found /templates/headers.vm with loader org.apache.velocity.runtime.resource.loader.ClasspathResourceLoader
2022-06-22 16:31:42,664 - ResourceManager : found /templates/head.vm with loader org.apache.velocity.runtime.resource.loader.ClasspathResourceLoader
2022-06-22 16:31:42,667 - Velocimacro : added VM stringArray: source=/templates/macros/array.js.vm
2022-06-22 16:31:42,667 - Velocimacro : added VM numberArray: source=/templates/macros/array.js.vm
2022-06-22 16:31:42,667 - ResourceManager : found /templates/macros/array.js.vm with loader org.apache.velocity.runtime.resource.loader.ClasspathResourceLoader
2022-06-22 16:31:42,668 - Velocimacro : added VM includeBuildInfo: source=/templates/macros/page/buildinfo.vm
2022-06-22 16:31:42,668 - ResourceManager : found /templates/macros/page/buildinfo.vm with loader org.apache.velocity.runtime.resource.loader.ClasspathResourceLoader
2022-06-22 16:31:42,671 - Velocimacro : added VM includeClassifications: source=/templates/macros/page/classifications.vm
2022-06-22 16:31:42,671 - ResourceManager : found /templates/macros/page/classifications.vm with loader org.apache.velocity.runtime.resource.loader.ClasspathResourceLoader
2022-06-22 16:31:42,672 - Velocimacro : added VM includeLead: source=/templates/macros/page/lead.vm
2022-06-22 16:31:42,672 - ResourceManager : found /templates/macros/page/lead.vm with loader org.apache.velocity.runtime.resource.loader.ClasspathResourceLoader
2022-06-22 16:31:42,674 - Velocimacro : added VM includeNavigation: source=/templates/macros/page/navigation.vm
2022-06-22 16:31:42,674 - ResourceManager : found /templates/macros/page/navigation.vm with loader org.apache.velocity.runtime.resource.loader.ClasspathResourceLoader
2022-06-22 16:31:42,677 - Velocimacro : added VM includeReportInfo: source=/templates/macros/page/reportInfo.vm
2022-06-22 16:31:42,677 - ResourceManager : found /templates/macros/page/reportInfo.vm with loader org.apache.velocity.runtime.resource.loader.ClasspathResourceLoader
2022-06-22 16:31:42,679 - Velocimacro : added VM includeTitle: source=/templates/macros/page/title.vm
2022-06-22 16:31:42,679 - ResourceManager : found /templates/macros/page/title.vm with loader org.apache.velocity.runtime.resource.loader.ClasspathResourceLoader
2022-06-22 16:31:42,680 - Velocimacro : added VM includeExpandingButtons: source=/templates/macros/report/expandAllButtons.vm
2022-06-22 16:31:42,680 - ResourceManager : found /templates/macros/report/expandAllButtons.vm with loader org.apache.velocity.runtime.resource.loader.ClasspathResourceLoader
2022-06-22 16:31:42,682 - Velocimacro : added VM includeReportTable: source=/templates/macros/report/reportTable.vm
2022-06-22 16:31:42,682 - ResourceManager : found /templates/macros/report/reportTable.vm with loader org.apache.velocity.runtime.resource.loader.ClasspathResourceLoader
2022-06-22 16:31:42,683 - Velocimacro : added VM includeReportHeader: source=/templates/macros/report/reportHeader.vm
2022-06-22 16:31:42,683 - ResourceManager : found /templates/macros/report/reportHeader.vm with loader org.apache.velocity.runtime.resource.loader.ClasspathResourceLoader
2022-06-22 16:31:42,686 - Velocimacro : added VM includeStatsTable: source=/templates/macros/report/statsTable.vm
2022-06-22 16:31:42,686 - ResourceManager : found /templates/macros/report/statsTable.vm with loader org.apache.velocity.runtime.resource.loader.ClasspathResourceLoader
2022-06-22 16:31:42,687 - Velocimacro : added VM includeBrief: source=/templates/macros/json/brief.vm
2022-06-22 16:31:42,687 - ResourceManager : found /templates/macros/json/brief.vm with loader org.apache.velocity.runtime.resource.loader.ClasspathResourceLoader
2022-06-22 16:31:42,687 - Velocimacro : added VM includeDocString: source=/templates/macros/json/docstring.vm
2022-06-22 16:31:42,687 - ResourceManager : found /templates/macros/json/docstring.vm with loader org.apache.velocity.runtime.resource.loader.ClasspathResourceLoader
2022-06-22 16:31:42,688 - Velocimacro : added VM includeDuration: source=/templates/macros/json/duration.vm
2022-06-22 16:31:42,688 - ResourceManager : found /templates/macros/json/duration.vm with loader org.apache.velocity.runtime.resource.loader.ClasspathResourceLoader
2022-06-22 16:31:42,690 - Velocimacro : added VM includeElement: source=/templates/macros/json/element.vm
2022-06-22 16:31:42,690 - ResourceManager : found /templates/macros/json/element.vm with loader org.apache.velocity.runtime.resource.loader.ClasspathResourceLoader
2022-06-22 16:31:42,696 - Velocimacro : added VM includeEmbeddings: source=/templates/macros/json/embeddings.vm
2022-06-22 16:31:42,697 - Velocimacro : added VM includeHtmlEmbedding: source=/templates/macros/json/embeddings.vm
2022-06-22 16:31:42,697 - Velocimacro : added VM includeVideoEmbedding: source=/templates/macros/json/embeddings.vm
2022-06-22 16:31:42,697 - Velocimacro : added VM includeImageEmbedding: source=/templates/macros/json/embeddings.vm
2022-06-22 16:31:42,697 - Velocimacro : added VM includeImageReferenceEmbedding: source=/templates/macros/json/embeddings.vm
2022-06-22 16:31:42,697 - Velocimacro : added VM includeTextEmbedding: source=/templates/macros/json/embeddings.vm
2022-06-22 16:31:42,697 - Velocimacro : added VM includeUnknownEmbedding: source=/templates/macros/json/embeddings.vm
2022-06-22 16:31:42,697 - ResourceManager : found /templates/macros/json/embeddings.vm with loader org.apache.velocity.runtime.resource.loader.ClasspathResourceLoader
2022-06-22 16:31:42,698 - Velocimacro : added VM includeHooks: source=/templates/macros/json/hooks.vm
2022-06-22 16:31:42,698 - ResourceManager : found /templates/macros/json/hooks.vm with loader org.apache.velocity.runtime.resource.loader.ClasspathResourceLoader
2022-06-22 16:31:42,700 - Velocimacro : added VM includeOutput: source=/templates/macros/json/output.vm
2022-06-22 16:31:42,700 - ResourceManager : found /templates/macros/json/output.vm with loader org.apache.velocity.runtime.resource.loader.ClasspathResourceLoader
2022-06-22 16:31:42,700 - Velocimacro : added VM includeMessage: source=/templates/macros/json/message.vm
2022-06-22 16:31:42,700 - ResourceManager : found /templates/macros/json/message.vm with loader org.apache.velocity.runtime.resource.loader.ClasspathResourceLoader
2022-06-22 16:31:42,702 - Velocimacro : added VM includeSteps: source=/templates/macros/json/steps.vm
2022-06-22 16:31:42,702 - ResourceManager : found /templates/macros/json/steps.vm with loader org.apache.velocity.runtime.resource.loader.ClasspathResourceLoader
2022-06-22 16:31:42,702 - Velocimacro : added VM includeStepName: source=/templates/macros/json/stepName.vm
2022-06-22 16:31:42,702 - ResourceManager : found /templates/macros/json/stepName.vm with loader org.apache.velocity.runtime.resource.loader.ClasspathResourceLoader
2022-06-22 16:31:42,703 - Velocimacro : added VM includeTags: source=/templates/macros/json/tags.vm
2022-06-22 16:31:42,703 - ResourceManager : found /templates/macros/json/tags.vm with loader org.apache.velocity.runtime.resource.loader.ClasspathResourceLoader
2022-06-22 16:31:42,708 - VM #includeNavigation: too few arguments to macro. Wanted 1 got 0
2022-06-22 16:31:42,708 - Left side ($active_tab) of '==' operation has null value. If it is a reference, it may not be in the context or its toString() returned null. /templates/macros/page/navigation.vm[line 14, column 51]
2022-06-22 16:31:42,708 - Left side ($active_tab) of '==' operation has null value. If it is a reference, it may not be in the context or its toString() returned null. /templates/macros/page/navigation.vm[line 15, column 51]
2022-06-22 16:31:42,708 - Left side ($active_tab) of '==' operation has null value. If it is a reference, it may not be in the context or its toString() returned null. /templates/macros/page/navigation.vm[line 16, column 51]
2022-06-22 16:31:42,708 - Left side ($active_tab) of '==' operation has null value. If it is a reference, it may not be in the context or its toString() returned null. /templates/macros/page/navigation.vm[line 20, column 51]
2022-06-22 16:31:42,722 - ResourceManager : found /templates/footer.vm with loader org.apache.velocity.runtime.resource.loader.ClasspathResourceLoader
2022-06-22 16:32:35,733 - Log4JLogChute initialized using file 'target\velocity.log'
2022-06-22 16:32:35,734 - Initializing Velocity, Calling init()...
2022-06-22 16:32:35,734 - Starting Apache Velocity v1.7 (compiled: 2010-11-19 12:14:37)
2022-06-22 16:32:35,734 - Default Properties File: org\apache\velocity\runtime\defaults\velocity.properties
2022-06-22 16:32:35,734 - Trying to use logger class org.apache.velocity.runtime.log.AvalonLogChute
2022-06-22 16:32:35,734 - Target log system for org.apache.velocity.runtime.log.AvalonLogChute is not available (java.lang.NoClassDefFoundError: org/apache/log/format/Formatter).  Falling back to next log system...
2022-06-22 16:32:35,734 - Trying to use logger class org.apache.velocity.runtime.log.Log4JLogChute
2022-06-22 16:32:35,734 - Using logger class org.apache.velocity.runtime.log.Log4JLogChute
2022-06-22 16:32:35,736 - ResourceLoader instantiated: org.apache.velocity.runtime.resource.loader.ClasspathResourceLoader
2022-06-22 16:32:35,742 - ResourceCache: initialized (class org.apache.velocity.runtime.resource.ResourceCacheImpl) with class java.util.Collections$SynchronizedMap cache map.
2022-06-22 16:32:35,743 - Loaded System Directive: org.apache.velocity.runtime.directive.Stop
2022-06-22 16:32:35,744 - Loaded System Directive: org.apache.velocity.runtime.directive.Define
2022-06-22 16:32:35,745 - Loaded System Directive: org.apache.velocity.runtime.directive.Break
2022-06-22 16:32:35,745 - Loaded System Directive: org.apache.velocity.runtime.directive.Evaluate
2022-06-22 16:32:35,745 - Loaded System Directive: org.apache.velocity.runtime.directive.Literal
2022-06-22 16:32:35,746 - Loaded System Directive: org.apache.velocity.runtime.directive.Macro
2022-06-22 16:32:35,747 - Loaded System Directive: org.apache.velocity.runtime.directive.Parse
2022-06-22 16:32:35,747 - Loaded System Directive: org.apache.velocity.runtime.directive.Include
2022-06-22 16:32:35,748 - Loaded System Directive: org.apache.velocity.runtime.directive.Foreach
2022-06-22 16:32:35,765 - Created '20' parsers.
2022-06-22 16:32:35,767 - Velocimacro : "velocimacro.library" is not set.  Trying default library: VM_global_library.vm
2022-06-22 16:32:35,768 - Could not load resource 'VM_global_library.vm' from ResourceLoader org.apache.velocity.runtime.resource.loader.ClasspathResourceLoader: ClasspathResourceLoader Error: cannot find resource VM_global_library.vm
2022-06-22 16:32:35,768 - Velocimacro : Default library not found.
2022-06-22 16:32:35,768 - Velocimacro : allowInline = true : VMs can be defined inline in templates
2022-06-22 16:32:35,768 - Velocimacro : allowInlineToOverride = false : VMs defined inline may NOT replace previous VM definitions
2022-06-22 16:32:35,768 - Velocimacro : allowInlineLocal = false : VMs defined inline will be global in scope if allowed.
2022-06-22 16:32:35,768 - Velocimacro : autoload off : VM system will not automatically reload global library macros
2022-06-22 16:32:35,827 - ResourceManager : found templates/generators/errorpage.vm with loader org.apache.velocity.runtime.resource.loader.ClasspathResourceLoader
2022-06-22 16:32:35,830 - ResourceManager : found /templates/headers.vm with loader org.apache.velocity.runtime.resource.loader.ClasspathResourceLoader
2022-06-22 16:32:35,830 - ResourceManager : found /templates/head.vm with loader org.apache.velocity.runtime.resource.loader.ClasspathResourceLoader
2022-06-22 16:32:35,832 - Velocimacro : added VM stringArray: source=/templates/macros/array.js.vm
2022-06-22 16:32:35,832 - Velocimacro : added VM numberArray: source=/templates/macros/array.js.vm
2022-06-22 16:32:35,832 - ResourceManager : found /templates/macros/array.js.vm with loader org.apache.velocity.runtime.resource.loader.ClasspathResourceLoader
2022-06-22 16:32:35,833 - Velocimacro : added VM includeBuildInfo: source=/templates/macros/page/buildinfo.vm
2022-06-22 16:32:35,833 - ResourceManager : found /templates/macros/page/buildinfo.vm with loader org.apache.velocity.runtime.resource.loader.ClasspathResourceLoader
2022-06-22 16:32:35,836 - Velocimacro : added VM includeClassifications: source=/templates/macros/page/classifications.vm
2022-06-22 16:32:35,836 - ResourceManager : found /templates/macros/page/classifications.vm with loader org.apache.velocity.runtime.resource.loader.ClasspathResourceLoader
2022-06-22 16:32:35,837 - Velocimacro : added VM includeLead: source=/templates/macros/page/lead.vm
2022-06-22 16:32:35,837 - ResourceManager : found /templates/macros/page/lead.vm with loader org.apache.velocity.runtime.resource.loader.ClasspathResourceLoader
2022-06-22 16:32:35,839 - Velocimacro : added VM includeNavigation: source=/templates/macros/page/navigation.vm
2022-06-22 16:32:35,839 - ResourceManager : found /templates/macros/page/navigation.vm with loader org.apache.velocity.runtime.resource.loader.ClasspathResourceLoader
2022-06-22 16:32:35,840 - Velocimacro : added VM includeReportInfo: source=/templates/macros/page/reportInfo.vm
2022-06-22 16:32:35,840 - ResourceManager : found /templates/macros/page/reportInfo.vm with loader org.apache.velocity.runtime.resource.loader.ClasspathResourceLoader
2022-06-22 16:32:35,841 - Velocimacro : added VM includeTitle: source=/templates/macros/page/title.vm
2022-06-22 16:32:35,841 - ResourceManager : found /templates/macros/page/title.vm with loader org.apache.velocity.runtime.resource.loader.ClasspathResourceLoader
2022-06-22 16:32:35,841 - Velocimacro : added VM includeExpandingButtons: source=/templates/macros/report/expandAllButtons.vm
2022-06-22 16:32:35,841 - ResourceManager : found /templates/macros/report/expandAllButtons.vm with loader org.apache.velocity.runtime.resource.loader.ClasspathResourceLoader
2022-06-22 16:32:35,844 - Velocimacro : added VM includeReportTable: source=/templates/macros/report/reportTable.vm
2022-06-22 16:32:35,844 - ResourceManager : found /templates/macros/report/reportTable.vm with loader org.apache.velocity.runtime.resource.loader.ClasspathResourceLoader
2022-06-22 16:32:35,845 - Velocimacro : added VM includeReportHeader: source=/templates/macros/report/reportHeader.vm
2022-06-22 16:32:35,845 - ResourceManager : found /templates/macros/report/reportHeader.vm with loader org.apache.velocity.runtime.resource.loader.ClasspathResourceLoader
2022-06-22 16:32:35,849 - Velocimacro : added VM includeStatsTable: source=/templates/macros/report/statsTable.vm
2022-06-22 16:32:35,849 - ResourceManager : found /templates/macros/report/statsTable.vm with loader org.apache.velocity.runtime.resource.loader.ClasspathResourceLoader
2022-06-22 16:32:35,850 - Velocimacro : added VM includeBrief: source=/templates/macros/json/brief.vm
2022-06-22 16:32:35,850 - ResourceManager : found /templates/macros/json/brief.vm with loader org.apache.velocity.runtime.resource.loader.ClasspathResourceLoader
2022-06-22 16:32:35,851 - Velocimacro : added VM includeDocString: source=/templates/macros/json/docstring.vm
2022-06-22 16:32:35,851 - ResourceManager : found /templates/macros/json/docstring.vm with loader org.apache.velocity.runtime.resource.loader.ClasspathResourceLoader
2022-06-22 16:32:35,853 - Velocimacro : added VM includeDuration: source=/templates/macros/json/duration.vm
2022-06-22 16:32:35,853 - ResourceManager : found /templates/macros/json/duration.vm with loader org.apache.velocity.runtime.resource.loader.ClasspathResourceLoader
2022-06-22 16:32:35,856 - Velocimacro : added VM includeElement: source=/templates/macros/json/element.vm
2022-06-22 16:32:35,857 - ResourceManager : found /templates/macros/json/element.vm with loader org.apache.velocity.runtime.resource.loader.ClasspathResourceLoader
2022-06-22 16:32:35,861 - Velocimacro : added VM includeEmbeddings: source=/templates/macros/json/embeddings.vm
2022-06-22 16:32:35,861 - Velocimacro : added VM includeHtmlEmbedding: source=/templates/macros/json/embeddings.vm
2022-06-22 16:32:35,861 - Velocimacro : added VM includeVideoEmbedding: source=/templates/macros/json/embeddings.vm
2022-06-22 16:32:35,861 - Velocimacro : added VM includeImageEmbedding: source=/templates/macros/json/embeddings.vm
2022-06-22 16:32:35,862 - Velocimacro : added VM includeImageReferenceEmbedding: source=/templates/macros/json/embeddings.vm
2022-06-22 16:32:35,862 - Velocimacro : added VM includeTextEmbedding: source=/templates/macros/json/embeddings.vm
2022-06-22 16:32:35,862 - Velocimacro : added VM includeUnknownEmbedding: source=/templates/macros/json/embeddings.vm
2022-06-22 16:32:35,862 - ResourceManager : found /templates/macros/json/embeddings.vm with loader org.apache.velocity.runtime.resource.loader.ClasspathResourceLoader
2022-06-22 16:32:35,863 - Velocimacro : added VM includeHooks: source=/templates/macros/json/hooks.vm
2022-06-22 16:32:35,863 - ResourceManager : found /templates/macros/json/hooks.vm with loader org.apache.velocity.runtime.resource.loader.ClasspathResourceLoader
2022-06-22 16:32:35,864 - Velocimacro : added VM includeOutput: source=/templates/macros/json/output.vm
2022-06-22 16:32:35,864 - ResourceManager : found /templates/macros/json/output.vm with loader org.apache.velocity.runtime.resource.loader.ClasspathResourceLoader
2022-06-22 16:32:35,865 - Velocimacro : added VM includeMessage: source=/templates/macros/json/message.vm
2022-06-22 16:32:35,865 - ResourceManager : found /templates/macros/json/message.vm with loader org.apache.velocity.runtime.resource.loader.ClasspathResourceLoader
2022-06-22 16:32:35,866 - Velocimacro : added VM includeSteps: source=/templates/macros/json/steps.vm
2022-06-22 16:32:35,866 - ResourceManager : found /templates/macros/json/steps.vm with loader org.apache.velocity.runtime.resource.loader.ClasspathResourceLoader
2022-06-22 16:32:35,866 - Velocimacro : added VM includeStepName: source=/templates/macros/json/stepName.vm
2022-06-22 16:32:35,866 - ResourceManager : found /templates/macros/json/stepName.vm with loader org.apache.velocity.runtime.resource.loader.ClasspathResourceLoader
2022-06-22 16:32:35,867 - Velocimacro : added VM includeTags: source=/templates/macros/json/tags.vm
2022-06-22 16:32:35,867 - ResourceManager : found /templates/macros/json/tags.vm with loader org.apache.velocity.runtime.resource.loader.ClasspathResourceLoader
2022-06-22 16:32:35,875 - VM #includeNavigation: too few arguments to macro. Wanted 1 got 0
2022-06-22 16:32:35,878 - Left side ($active_tab) of '==' operation has null value. If it is a reference, it may not be in the context or its toString() returned null. /templates/macros/page/navigation.vm[line 14, column 51]
2022-06-22 16:32:35,878 - Left side ($active_tab) of '==' operation has null value. If it is a reference, it may not be in the context or its toString() returned null. /templates/macros/page/navigation.vm[line 15, column 51]
2022-06-22 16:32:35,878 - Left side ($active_tab) of '==' operation has null value. If it is a reference, it may not be in the context or its toString() returned null. /templates/macros/page/navigation.vm[line 16, column 51]
2022-06-22 16:32:35,878 - Left side ($active_tab) of '==' operation has null value. If it is a reference, it may not be in the context or its toString() returned null. /templates/macros/page/navigation.vm[line 20, column 51]
2022-06-22 16:32:35,893 - ResourceManager : found /templates/footer.vm with loader org.apache.velocity.runtime.resource.loader.ClasspathResourceLoader
